C51 COMPILER V9.54   MAIN                                                                  06/01/2023 23:06:47 PAGE 1   


C51 COMPILER V9.54, COMPILATION OF MODULE MAIN
OBJECT MODULE PLACED IN .\Objects\main.obj
COMPILER INVOKED BY: D:\programs\keil\C51\BIN\C51.EXE main.c OPTIMIZE(8,SPEED) BROWSE DEBUG OBJECTEXTEND PRINT(.\Listing
                    -s\main.lst) TABS(2) OBJECT(.\Objects\main.obj)

line level    source

   1          #include <REGX52.H>
   2          
   3          typedef unsigned int u16;
   4          typedef unsigned char u8;
   5          
   6          sbit LSA = P2^2;
   7          sbit LSB = P2^3;
   8          sbit LSC = P2^4;
   9          
  10          u8 code smgduan[17]=
  11          {
  12          0x3f,0x06,0x5b,0x4f,0x66,0x6d,0x7d,0x07,
  13                    0x7f,0x6f,0x77,0x7c,0x39,0x5e,0x79,0x71
  14          };//œ‘ æ0~Fµƒ÷µ
  15          void Delay(u16 time){
  16   1        u8 i,j;
  17   1        while(time)
  18   1        {
  19   2          i=2;
  20   2          j=239;
  21   2          do
  22   2          {
  23   3            while(--j);
  24   3          }while(--i);
  25   2          time--;
  26   2        }
  27   1      }
  28          
  29          void Choose(u8 Location,Number)
  30          {
  31   1        switch(Location)
  32   1        {
  33   2          case 1:LSC=0;LSB=0;LSA=0;break;
  34   2          case 2:LSC=0;LSB=0;LSA=1;break;
  35   2          case 3:LSC=0;LSB=1;LSA=0;break;
  36   2          case 4:LSC=0;LSB=1;LSA=1;break;
  37   2          case 5:LSC=1;LSB=0;LSA=0;break;
  38   2          case 6:LSC=1;LSB=0;LSA=1;break;
  39   2          case 7:LSC=1;LSB=1;LSA=0;break;
  40   2          case 8:LSC=1;LSB=1;LSA=1;break;
  41   2        }
  42   1        P0=smgduan[Number];
  43   1      }
  44          
  45          void main()
  46          {
  47   1        u16 i,j;
  48   1        while(1)
  49   1        {
  50   2          for( i=0;i<8;i++){
  51   3            Choose(i+1,j++);
  52   3            Delay(100);
  53   3          }
  54   2          
C51 COMPILER V9.54   MAIN                                                                  06/01/2023 23:06:47 PAGE 2   

  55   2        };
  56   1      }


MODULE INFORMATION:   STATIC OVERLAYABLE
   CODE SIZE        =    167    ----
   CONSTANT SIZE    =     17    ----
   XDATA SIZE       =   ----    ----
   PDATA SIZE       =   ----    ----
   DATA SIZE        =   ----       2
   IDATA SIZE       =   ----    ----
   BIT SIZE         =   ----    ----
END OF MODULE INFORMATION.


C51 COMPILATION COMPLETE.  0 WARNING(S),  0 ERROR(S)
