C51 COMPILER V9.54   MAIN                                                                  06/03/2023 12:15:22 PAGE 1   


C51 COMPILER V9.54, COMPILATION OF MODULE MAIN
OBJECT MODULE PLACED IN .\Objects\main.obj
COMPILER INVOKED BY: D:\programs\keil\C51\BIN\C51.EXE main.c OPTIMIZE(8,SPEED) BROWSE DEBUG OBJECTEXTEND PRINT(.\Listing
                    -s\main.lst) TABS(2) OBJECT(.\Objects\main.obj)

line level    source

   1          #include <REGX52.H>
   2          
   3          
   4          unsigned int i=0;
   5          void main(){
   6   1        char arr[]={
   7   1          0xfe,//1111 1110
   8   1          0xfd,//1111 1101
   9   1          0xfb,
  10   1          0xf7,
  11   1          0xef,
  12   1          0xdf,
  13   1          0xbf,
  14   1          0x7f
  15   1        };
  16   1        while(1){
  17   2          if(P3_1==0){
  18   3            if(i==8){
  19   4              i=0;
  20   4            }
  21   3            P2=arr[i++];
  22   3          }else{
  23   3            
  24   3          }
  25   2        }
  26   1      }


MODULE INFORMATION:   STATIC OVERLAYABLE
   CODE SIZE        =     51    ----
   CONSTANT SIZE    =      8    ----
   XDATA SIZE       =   ----    ----
   PDATA SIZE       =   ----    ----
   DATA SIZE        =      2       8
   IDATA SIZE       =   ----    ----
   BIT SIZE         =   ----    ----
END OF MODULE INFORMATION.


C51 COMPILATION COMPLETE.  0 WARNING(S),  0 ERROR(S)
