C51 COMPILER V9.54   LCD                                                                   06/05/2023 22:30:14 PAGE 1   


C51 COMPILER V9.54, COMPILATION OF MODULE LCD
OBJECT MODULE PLACED IN .\Objects\lcd.obj
COMPILER INVOKED BY: D:\programs\keil\C51\BIN\C51.EXE lcd.c OPTIMIZE(8,SPEED) BROWSE DEBUG OBJECTEXTEND PRINT(.\Listings
                    -\lcd.lst) TABS(2) OBJECT(.\Objects\lcd.obj)

line level    source

   1          #include "lcd.h"
   2          
   3          void Lcd1602_Delay1ms(u16 c){//Îó²îÎª0ºÁÃë
   4   1        u8 a,b;
   5   1        for(;c>0;c--){
   6   2          for(b=199;b>0;b--){
   7   3            for(a=1;a>0;a--){
   8   4            }
   9   3          }
  10   2        }
  11   1      }
  12          
  13          void LcdWriteCmd(u8 c){
  14   1        RE = 0;
  15   1        RS = 0;
  16   1        RW = 0;
  17   1        LCD1602_DATAPINS = c;
  18   1        Lcd1602_Delay1ms(1);
  19   1        
  20   1        RE = 1;
  21   1        Lcd1602_Delay1ms(5);
  22   1        RE = 0;
  23   1        
  24   1        LCD1602_DATAPINS = c<<4;
  25   1        Lcd1602_Delay1ms(1);
  26   1        
  27   1        RE = 1;
  28   1        Lcd1602_Delay1ms(5);
  29   1        RE = 0;
  30   1      }
  31          
  32          void LcdWriteData(u8 c){
  33   1        RE = 0;
  34   1        RS = 1;
  35   1        RW = 0;
  36   1        LCD1602_DATAPINS = c;
  37   1        Lcd1602_Delay1ms(1);
  38   1        
  39   1        RE = 1;
  40   1        Lcd1602_Delay1ms(5);
  41   1        RE = 0;
  42   1        
  43   1        LCD1602_DATAPINS = c<<4;
  44   1        Lcd1602_Delay1ms(1);
  45   1        
  46   1        RE = 1;
  47   1        Lcd1602_Delay1ms(5);
  48   1        RE = 0;
  49   1      }
  50          
  51          void LcdInit(){
  52   1        LcdWriteCmd(0x32);
  53   1        LcdWriteCmd(0x28);
  54   1        LcdWriteCmd(0x0c);
C51 COMPILER V9.54   LCD                                                                   06/05/2023 22:30:14 PAGE 2   

  55   1        LcdWriteCmd(0x06);
  56   1        LcdWriteCmd(0x01);
  57   1        LcdWriteCmd(0x80);
  58   1      }


MODULE INFORMATION:   STATIC OVERLAYABLE
   CODE SIZE        =    120    ----
   CONSTANT SIZE    =   ----    ----
   XDATA SIZE       =   ----    ----
   PDATA SIZE       =   ----    ----
   DATA SIZE        =   ----    ----
   IDATA SIZE       =   ----    ----
   BIT SIZE         =   ----    ----
END OF MODULE INFORMATION.


C51 COMPILATION COMPLETE.  0 WARNING(S),  0 ERROR(S)
