C51 COMPILER V9.54   MAIN                                                                  06/01/2023 22:09:47 PAGE 1   


C51 COMPILER V9.54, COMPILATION OF MODULE MAIN
OBJECT MODULE PLACED IN .\Objects\main.obj
COMPILER INVOKED BY: D:\programs\keil\C51\BIN\C51.EXE main.c OPTIMIZE(8,SPEED) BROWSE DEBUG OBJECTEXTEND PRINT(.\Listing
                    -s\main.lst) TABS(2) OBJECT(.\Objects\main.obj)

line level    source

   1          #include <REGX52.H>
   2          #include <INTRINS.H>
   3          #include <stdio.h>
   4          
   5          void Delay500ms()   //@12.000MHz
   6          {
   7   1        unsigned char i, j, k;
   8   1      
   9   1        _nop_();
  10   1        i = 4;
  11   1        j = 205;
  12   1        k = 187;
  13   1        do
  14   1        {
  15   2          do
  16   2          {
  17   3            while (--k);
  18   3          } while (--j);
  19   2        } while (--i);
  20   1      }
  21          
  22          void Delay1ms(unsigned int xms){
  23   1          unsigned char i,j;  
  24   1          while(xms)
  25   1          {
  26   2            i = 2;
  27   2            j = 239;
  28   2              do
  29   2                {
  30   3                  while (--j);
  31   3                } while (--i);
  32   2            xms--;
  33   2          }
  34   1      }
  35          
  36          
  37          void main()
  38          {
  39   1        //printf("hello world!");
  40   1        int i = 20;
  41   1        while(1)
  42   1        {
  43   2            P2=0xFE;//1111 1110
  44   2            Delay1ms(i);  
  45   2            P2=0xFd;//1111 1101
  46   2            Delay1ms(i);  
  47   2            P2=0xFB;//1111 1011
  48   2            Delay1ms(i);  
  49   2            P2=0xF7;//1111 0111
  50   2            Delay1ms(i);  
  51   2            P2=0xEf;//1110 1111
  52   2            Delay1ms(i);  
  53   2            P2=0xDf;//1101 1101
  54   2            Delay1ms(i);  
C51 COMPILER V9.54   MAIN                                                                  06/01/2023 22:09:47 PAGE 2   

  55   2            P2=0xBf;//1011 1101
  56   2            Delay1ms(i);  
  57   2            P2=0x7f;//0111 1101
  58   2            Delay1ms(i);  
  59   2          }
  60   1      }


MODULE INFORMATION:   STATIC OVERLAYABLE
   CODE SIZE        =     92    ----
   CONSTANT SIZE    =   ----    ----
   XDATA SIZE       =   ----    ----
   PDATA SIZE       =   ----    ----
   DATA SIZE        =   ----    ----
   IDATA SIZE       =   ----    ----
   BIT SIZE         =   ----    ----
END OF MODULE INFORMATION.


C51 COMPILATION COMPLETE.  0 WARNING(S),  0 ERROR(S)
