C51 COMPILER V9.54   MAIN                                                                  06/04/2023 21:06:30 PAGE 1   


C51 COMPILER V9.54, COMPILATION OF MODULE MAIN
OBJECT MODULE PLACED IN .\Objects\main.obj
COMPILER INVOKED BY: D:\programs\keil\C51\BIN\C51.EXE main.c OPTIMIZE(8,SPEED) BROWSE DEBUG OBJECTEXTEND PRINT(.\Listing
                    -s\main.lst) TABS(2) OBJECT(.\Objects\main.obj)

line level    source

   1          #include <REGX52.H>
   2          //#include<intrins.h> 
   3          typedef unsigned int u16;
   4          typedef unsigned char u8;
   5          
   6          //void Delay(u16 i);
   7          sbit beep=P1^5;
   8          
   9          //i=1 ±£¨¥Û∏≈—” ±10Œ¢√Î
  10          void Delay(u16 i){
  11   1        while(i--);
  12   1      }
  13          
  14          void main(){
  15   1        while(1){
  16   2          beep=~beep;
  17   2          Delay(100);
  18   2        };
  19   1      }


MODULE INFORMATION:   STATIC OVERLAYABLE
   CODE SIZE        =     22    ----
   CONSTANT SIZE    =   ----    ----
   XDATA SIZE       =   ----    ----
   PDATA SIZE       =   ----    ----
   DATA SIZE        =   ----    ----
   IDATA SIZE       =   ----    ----
   BIT SIZE         =   ----    ----
END OF MODULE INFORMATION.


C51 COMPILATION COMPLETE.  0 WARNING(S),  0 ERROR(S)
